1483381228.901061 server started (36717): socket /private/tmp/tmux-501/default, protocol 8
1483381228.901094 on Darwin 16.1.0 Darwin Kernel Version 16.1.0: Wed Oct 19 20:31:56 PDT 2016; root:xnu-3789.21.4~4/RELEASE_X86_64; libevent 2.0.22-stable (select)
1483381228.903182 continuing cmdq 0x7fb192f00000: flags 0, client 0x0
1483381228.903221 cmdq 0x7fb192f00000: bind-key C-b send-prefix
1483381228.903245 preparing state for bind-key C-b send-prefix (client 0x0)
1483381228.903260 cmd_find_client: no target, return 0x0
1483381228.903274 preparing -t state: target none
1483381228.903280 preparing -s state: target none
1483381228.903293 preparing state for bind-key C-b send-prefix (client 0x0)
1483381228.903299 cmd_find_client: no target, return 0x0
1483381228.903304 preparing -t state: target none
1483381228.903309 preparing -s state: target none
1483381228.903579 continuing cmdq 0x7fb192f00000: flags 0, client 0x0
1483381228.903590 cmdq 0x7fb192f00000: bind-key C-o rotate-window
1483381228.903598 preparing state for bind-key C-o rotate-window (client 0x0)
1483381228.903604 cmd_find_client: no target, return 0x0
1483381228.903609 preparing -t state: target none
1483381228.903614 preparing -s state: target none
1483381228.903621 preparing state for bind-key C-o rotate-window (client 0x0)
1483381228.903626 cmd_find_client: no target, return 0x0
1483381228.903631 preparing -t state: target none
1483381228.903636 preparing -s state: target none
1483381228.903650 continuing cmdq 0x7fb192f00000: flags 0, client 0x0
1483381228.903657 cmdq 0x7fb192f00000: bind-key C-z suspend-client
1483381228.903665 preparing state for bind-key C-z suspend-client (client 0x0)
1483381228.903670 cmd_find_client: no target, return 0x0
1483381228.903675 preparing -t state: target none
1483381228.903680 preparing -s state: target none
1483381228.903687 preparing state for bind-key C-z suspend-client (client 0x0)
1483381228.903693 cmd_find_client: no target, return 0x0
1483381228.903697 preparing -t state: target none
1483381228.903702 preparing -s state: target none
1483381228.903716 continuing cmdq 0x7fb192f00000: flags 0, client 0x0
1483381228.903723 cmdq 0x7fb192f00000: bind-key Space next-layout
1483381228.903730 preparing state for bind-key Space next-layout (client 0x0)
1483381228.903736 cmd_find_client: no target, return 0x0
1483381228.903740 preparing -t state: target none
1483381228.903745 preparing -s state: target none
1483381228.903752 preparing state for bind-key Space next-layout (client 0x0)
1483381228.903757 cmd_find_client: no target, return 0x0
1483381228.903762 preparing -t state: target none
1483381228.903767 preparing -s state: target none
1483381228.904114 continuing cmdq 0x7fb192f00000: flags 0, client 0x0
1483381228.904125 cmdq 0x7fb192f00000: bind-key ! break-pane
1483381228.904132 preparing state for bind-key ! break-pane (client 0x0)
1483381228.904138 cmd_find_client: no target, return 0x0
1483381228.904143 preparing -t state: target none
1483381228.904147 preparing -s state: target none
1483381228.904154 preparing state for bind-key ! break-pane (client 0x0)
1483381228.904167 cmd_find_client: no target, return 0x0
1483381228.904172 preparing -t state: target none
1483381228.904177 preparing -s state: target none
1483381228.904192 continuing cmdq 0x7fb192f00000: flags 0, client 0x0
1483381228.904199 cmdq 0x7fb192f00000: bind-key " split-window
1483381228.904206 preparing state for bind-key " split-window (client 0x0)
1483381228.904211 cmd_find_client: no target, return 0x0
1483381228.904216 preparing -t state: target none
1483381228.904220 preparing -s state: target none
1483381228.904227 preparing state for bind-key " split-window (client 0x0)
1483381228.904232 cmd_find_client: no target, return 0x0
1483381228.904236 preparing -t state: target none
1483381228.904240 preparing -s state: target none
1483381228.904252 continuing cmdq 0x7fb192f00000: flags 0, client 0x0
1483381228.904259 cmdq 0x7fb192f00000: bind-key # list-buffers
1483381228.904265 preparing state for bind-key # list-buffers (client 0x0)
1483381228.904270 cmd_find_client: no target, return 0x0
1483381228.904291 preparing -t state: target none
1483381228.904296 preparing -s state: target none
1483381228.904303 preparing state for bind-key # list-buffers (client 0x0)
1483381228.904307 cmd_find_client: no target, return 0x0
1483381228.904312 preparing -t state: target none
1483381228.904316 preparing -s state: target none
1483381228.904331 continuing cmdq 0x7fb192f00000: flags 0, client 0x0
1483381228.904340 cmdq 0x7fb192f00000: bind-key $ command-prompt -I#S "rename-session '%%'"
1483381228.904348 preparing state for bind-key $ command-prompt -I#S "rename-session '%%'" (client 0x0)
1483381228.904353 cmd_find_client: no target, return 0x0
1483381228.904357 preparing -t state: target none
1483381228.904362 preparing -s state: target none
1483381228.904370 preparing state for bind-key $ command-prompt -I#S "rename-session '%%'" (client 0x0)
1483381228.904375 cmd_find_client: no target, return 0x0
1483381228.904379 preparing -t state: target none
1483381228.904384 preparing -s state: target none
1483381228.904400 continuing cmdq 0x7fb192f00000: flags 0, client 0x0
1483381228.904407 cmdq 0x7fb192f00000: bind-key % split-window -h
1483381228.904415 preparing state for bind-key % split-window -h (client 0x0)
1483381228.904420 cmd_find_client: no target, return 0x0
1483381228.904424 preparing -t state: target none
1483381228.904428 preparing -s state: target none
1483381228.904435 preparing state for bind-key % split-window -h (client 0x0)
1483381228.904440 cmd_find_client: no target, return 0x0
1483381228.904444 preparing -t state: target none
1483381228.904449 preparing -s state: target none
1483381228.904465 continuing cmdq 0x7fb192f00000: flags 0, client 0x0
1483381228.904474 cmdq 0x7fb192f00000: bind-key & confirm-before "-pkill-window #W? (y/n)" kill-window
1483381228.904482 preparing state for bind-key & confirm-before "-pkill-window #W? (y/n)" kill-window (client 0x0)
1483381228.904487 cmd_find_client: no target, return 0x0
1483381228.904492 preparing -t state: target none
1483381228.904496 preparing -s state: target none
1483381228.904504 preparing state for bind-key & confirm-before "-pkill-window #W? (y/n)" kill-window (client 0x0)
1483381228.904509 cmd_find_client: no target, return 0x0
1483381228.904514 preparing -t state: target none
1483381228.904518 preparing -s state: target none
1483381228.904534 continuing cmdq 0x7fb192f00000: flags 0, client 0x0
1483381228.904542 cmdq 0x7fb192f00000: bind-key ' command-prompt -pindex "select-window -t ':%%'"
1483381228.904551 preparing state for bind-key ' command-prompt -pindex "select-window -t ':%%'" (client 0x0)
1483381228.904556 cmd_find_client: no target, return 0x0
1483381228.904560 preparing -t state: target none
1483381228.904565 preparing -s state: target none
1483381228.904573 preparing state for bind-key ' command-prompt -pindex "select-window -t ':%%'" (client 0x0)
1483381228.904578 cmd_find_client: no target, return 0x0
1483381228.904583 preparing -t state: target none
1483381228.904587 preparing -s state: target none
1483381228.904600 continuing cmdq 0x7fb192f00000: flags 0, client 0x0
1483381228.904607 cmdq 0x7fb192f00000: bind-key ( switch-client -p
1483381228.904624 preparing state for bind-key ( switch-client -p (client 0x0)
1483381228.904629 cmd_find_client: no target, return 0x0
1483381228.904634 preparing -t state: target none
1483381228.904639 preparing -s state: target none
1483381228.904647 preparing state for bind-key ( switch-client -p (client 0x0)
1483381228.904652 cmd_find_client: no target, return 0x0
1483381228.904657 preparing -t state: target none
1483381228.904661 preparing -s state: target none
1483381228.904676 continuing cmdq 0x7fb192f00000: flags 0, client 0x0
1483381228.904683 cmdq 0x7fb192f00000: bind-key ) switch-client -n
1483381228.904691 preparing state for bind-key ) switch-client -n (client 0x0)
1483381228.904697 cmd_find_client: no target, return 0x0
1483381228.904701 preparing -t state: target none
1483381228.904706 preparing -s state: target none
1483381228.904714 preparing state for bind-key ) switch-client -n (client 0x0)
1483381228.904726 cmd_find_client: no target, return 0x0
1483381228.904731 preparing -t state: target none
1483381228.904736 preparing -s state: target none
1483381228.904753 continuing cmdq 0x7fb192f00000: flags 0, client 0x0
1483381228.904765 cmdq 0x7fb192f00000: bind-key , command-prompt -I#W "rename-window '%%'"
1483381228.904774 preparing state for bind-key , command-prompt -I#W "rename-window '%%'" (client 0x0)
1483381228.904780 cmd_find_client: no target, return 0x0
1483381228.904784 preparing -t state: target none
1483381228.904789 preparing -s state: target none
1483381228.904798 preparing state for bind-key , command-prompt -I#W "rename-window '%%'" (client 0x0)
1483381228.904803 cmd_find_client: no target, return 0x0
1483381228.904808 preparing -t state: target none
1483381228.904812 preparing -s state: target none
1483381228.904825 continuing cmdq 0x7fb192f00000: flags 0, client 0x0
1483381228.904832 cmdq 0x7fb192f00000: bind-key - delete-buffer
1483381228.904839 preparing state for bind-key - delete-buffer (client 0x0)
1483381228.904844 cmd_find_client: no target, return 0x0
1483381228.904849 preparing -t state: target none
1483381228.904853 preparing -s state: target none
1483381228.904860 preparing state for bind-key - delete-buffer (client 0x0)
1483381228.904865 cmd_find_client: no target, return 0x0
1483381228.904870 preparing -t state: target none
1483381228.904874 preparing -s state: target none
1483381228.904888 continuing cmdq 0x7fb192f00000: flags 0, client 0x0
1483381228.904896 cmdq 0x7fb192f00000: bind-key . command-prompt "move-window -t '%%'"
1483381228.904904 preparing state for bind-key . command-prompt "move-window -t '%%'" (client 0x0)
1483381228.904910 cmd_find_client: no target, return 0x0
1483381228.904914 preparing -t state: target none
1483381228.904919 preparing -s state: target none
1483381228.904927 preparing state for bind-key . command-prompt "move-window -t '%%'" (client 0x0)
1483381228.904932 cmd_find_client: no target, return 0x0
1483381228.904936 preparing -t state: target none
1483381228.904941 preparing -s state: target none
1483381228.904954 continuing cmdq 0x7fb192f00000: flags 0, client 0x0
1483381228.904961 cmdq 0x7fb192f00000: bind-key 0 select-window -t:=0
1483381228.904969 preparing state for bind-key 0 select-window -t:=0 (client 0x0)
1483381228.904974 cmd_find_client: no target, return 0x0
1483381228.904979 preparing -t state: target none
1483381228.904984 preparing -s state: target none
1483381228.904991 preparing state for bind-key 0 select-window -t:=0 (client 0x0)
1483381228.904996 cmd_find_client: no target, return 0x0
1483381228.905001 preparing -t state: target none
1483381228.905005 preparing -s state: target none
1483381228.905019 continuing cmdq 0x7fb192f00000: flags 0, client 0x0
1483381228.905026 cmdq 0x7fb192f00000: bind-key 1 select-window -t:=1
1483381228.905034 preparing state for bind-key 1 select-window -t:=1 (client 0x0)
1483381228.905039 cmd_find_client: no target, return 0x0
1483381228.905044 preparing -t state: target none
1483381228.905049 preparing -s state: target none
1483381228.905056 preparing state for bind-key 1 select-window -t:=1 (client 0x0)
1483381228.905061 cmd_find_client: no target, return 0x0
1483381228.905066 preparing -t state: target none
1483381228.905070 preparing -s state: target none
1483381228.905084 continuing cmdq 0x7fb192f00000: flags 0, client 0x0
1483381228.905091 cmdq 0x7fb192f00000: bind-key 2 select-window -t:=2
1483381228.905099 preparing state for bind-key 2 select-window -t:=2 (client 0x0)
1483381228.905104 cmd_find_client: no target, return 0x0
1483381228.905109 preparing -t state: target none
1483381228.905114 preparing -s state: target none
1483381228.905121 preparing state for bind-key 2 select-window -t:=2 (client 0x0)
1483381228.905126 cmd_find_client: no target, return 0x0
1483381228.905131 preparing -t state: target none
1483381228.905135 preparing -s state: target none
1483381228.905148 continuing cmdq 0x7fb192f00000: flags 0, client 0x0
1483381228.905156 cmdq 0x7fb192f00000: bind-key 3 select-window -t:=3
1483381228.905170 preparing state for bind-key 3 select-window -t:=3 (client 0x0)
1483381228.905175 cmd_find_client: no target, return 0x0
1483381228.905180 preparing -t state: target none
1483381228.905185 preparing -s state: target none
1483381228.905192 preparing state for bind-key 3 select-window -t:=3 (client 0x0)
1483381228.905197 cmd_find_client: no target, return 0x0
1483381228.905202 preparing -t state: target none
1483381228.905206 preparing -s state: target none
1483381228.905220 continuing cmdq 0x7fb192f00000: flags 0, client 0x0
1483381228.905227 cmdq 0x7fb192f00000: bind-key 4 select-window -t:=4
1483381228.905235 preparing state for bind-key 4 select-window -t:=4 (client 0x0)
1483381228.905240 cmd_find_client: no target, return 0x0
1483381228.905245 preparing -t state: target none
1483381228.905249 preparing -s state: target none
1483381228.905257 preparing state for bind-key 4 select-window -t:=4 (client 0x0)
1483381228.905262 cmd_find_client: no target, return 0x0
1483381228.905267 preparing -t state: target none
1483381228.905271 preparing -s state: target none
1483381228.905284 continuing cmdq 0x7fb192f00000: flags 0, client 0x0
1483381228.905292 cmdq 0x7fb192f00000: bind-key 5 select-window -t:=5
1483381228.905299 preparing state for bind-key 5 select-window -t:=5 (client 0x0)
1483381228.905304 cmd_find_client: no target, return 0x0
1483381228.905309 preparing -t state: target none
1483381228.905314 preparing -s state: target none
1483381228.905321 preparing state for bind-key 5 select-window -t:=5 (client 0x0)
1483381228.905326 cmd_find_client: no target, return 0x0
1483381228.905331 preparing -t state: target none
1483381228.905335 preparing -s state: target none
1483381228.905348 continuing cmdq 0x7fb192f00000: flags 0, client 0x0
1483381228.905356 cmdq 0x7fb192f00000: bind-key 6 select-window -t:=6
1483381228.905364 preparing state for bind-key 6 select-window -t:=6 (client 0x0)
1483381228.905369 cmd_find_client: no target, return 0x0
1483381228.905373 preparing -t state: target none
1483381228.905378 preparing -s state: target none
1483381228.905385 preparing state for bind-key 6 select-window -t:=6 (client 0x0)
1483381228.905390 cmd_find_client: no target, return 0x0
1483381228.905395 preparing -t state: target none
1483381228.905400 preparing -s state: target none
1483381228.905413 continuing cmdq 0x7fb192f00000: flags 0, client 0x0
1483381228.905420 cmdq 0x7fb192f00000: bind-key 7 select-window -t:=7
1483381228.905428 preparing state for bind-key 7 select-window -t:=7 (client 0x0)
1483381228.905433 cmd_find_client: no target, return 0x0
1483381228.905437 preparing -t state: target none
1483381228.905442 preparing -s state: target none
1483381228.905450 preparing state for bind-key 7 select-window -t:=7 (client 0x0)
1483381228.905454 cmd_find_client: no target, return 0x0
1483381228.905459 preparing -t state: target none
1483381228.905464 preparing -s state: target none
1483381228.905477 continuing cmdq 0x7fb192f00000: flags 0, client 0x0
1483381228.905484 cmdq 0x7fb192f00000: bind-key 8 select-window -t:=8
1483381228.905492 preparing state for bind-key 8 select-window -t:=8 (client 0x0)
1483381228.905497 cmd_find_client: no target, return 0x0
1483381228.905502 preparing -t state: target none
1483381228.905506 preparing -s state: target none
1483381228.905514 preparing state for bind-key 8 select-window -t:=8 (client 0x0)
1483381228.905519 cmd_find_client: no target, return 0x0
1483381228.905523 preparing -t state: target none
1483381228.905528 preparing -s state: target none
1483381228.905541 continuing cmdq 0x7fb192f00000: flags 0, client 0x0
1483381228.905549 cmdq 0x7fb192f00000: bind-key 9 select-window -t:=9
1483381228.905556 preparing state for bind-key 9 select-window -t:=9 (client 0x0)
1483381228.905561 cmd_find_client: no target, return 0x0
1483381228.905566 preparing -t state: target none
1483381228.905571 preparing -s state: target none
1483381228.905578 preparing state for bind-key 9 select-window -t:=9 (client 0x0)
1483381228.905583 cmd_find_client: no target, return 0x0
1483381228.905593 preparing -t state: target none
1483381228.905598 preparing -s state: target none
1483381228.905611 continuing cmdq 0x7fb192f00000: flags 0, client 0x0
1483381228.905619 cmdq 0x7fb192f00000: bind-key : command-prompt
1483381228.905627 preparing state for bind-key : command-prompt (client 0x0)
1483381228.905632 cmd_find_client: no target, return 0x0
1483381228.905637 preparing -t state: target none
1483381228.905641 preparing -s state: target none
1483381228.905648 preparing state for bind-key : command-prompt (client 0x0)
1483381228.905653 cmd_find_client: no target, return 0x0
1483381228.905658 preparing -t state: target none
1483381228.905663 preparing -s state: target none
1483381228.905674 continuing cmdq 0x7fb192f00000: flags 0, client 0x0
1483381228.905681 cmdq 0x7fb192f00000: bind-key ; last-pane
1483381228.905687 preparing state for bind-key ; last-pane (client 0x0)
1483381228.905692 cmd_find_client: no target, return 0x0
1483381228.905697 preparing -t state: target none
1483381228.905702 preparing -s state: target none
1483381228.905708 preparing state for bind-key ; last-pane (client 0x0)
1483381228.905713 cmd_find_client: no target, return 0x0
1483381228.905718 preparing -t state: target none
1483381228.905723 preparing -s state: target none
1483381228.905734 continuing cmdq 0x7fb192f00000: flags 0, client 0x0
1483381228.905741 cmdq 0x7fb192f00000: bind-key = choose-buffer
1483381228.905748 preparing state for bind-key = choose-buffer (client 0x0)
1483381228.905753 cmd_find_client: no target, return 0x0
1483381228.905757 preparing -t state: target none
1483381228.905762 preparing -s state: target none
1483381228.905769 preparing state for bind-key = choose-buffer (client 0x0)
1483381228.905774 cmd_find_client: no target, return 0x0
1483381228.905778 preparing -t state: target none
1483381228.905783 preparing -s state: target none
1483381228.905794 continuing cmdq 0x7fb192f00000: flags 0, client 0x0
1483381228.905800 cmdq 0x7fb192f00000: bind-key ? list-keys
1483381228.905807 preparing state for bind-key ? list-keys (client 0x0)
1483381228.905812 cmd_find_client: no target, return 0x0
1483381228.905817 preparing -t state: target none
1483381228.905821 preparing -s state: target none
1483381228.905828 preparing state for bind-key ? list-keys (client 0x0)
1483381228.905833 cmd_find_client: no target, return 0x0
1483381228.905837 preparing -t state: target none
1483381228.905842 preparing -s state: target none
1483381228.905854 continuing cmdq 0x7fb192f00000: flags 0, client 0x0
1483381228.905860 cmdq 0x7fb192f00000: bind-key D choose-client
1483381228.905867 preparing state for bind-key D choose-client (client 0x0)
1483381228.905872 cmd_find_client: no target, return 0x0
1483381228.905877 preparing -t state: target none
1483381228.905882 preparing -s state: target none
1483381228.905888 preparing state for bind-key D choose-client (client 0x0)
1483381228.905893 cmd_find_client: no target, return 0x0
1483381228.905898 preparing -t state: target none
1483381228.905903 preparing -s state: target none
1483381228.905914 continuing cmdq 0x7fb192f00000: flags 0, client 0x0
1483381228.905922 cmdq 0x7fb192f00000: bind-key L switch-client -l
1483381228.905929 preparing state for bind-key L switch-client -l (client 0x0)
1483381228.905935 cmd_find_client: no target, return 0x0
1483381228.905939 preparing -t state: target none
1483381228.905944 preparing -s state: target none
1483381228.905951 preparing state for bind-key L switch-client -l (client 0x0)
1483381228.905956 cmd_find_client: no target, return 0x0
1483381228.905961 preparing -t state: target none
1483381228.905965 preparing -s state: target none
1483381228.905979 continuing cmdq 0x7fb192f00000: flags 0, client 0x0
1483381228.905986 cmdq 0x7fb192f00000: bind-key M select-pane -M
1483381228.905994 preparing state for bind-key M select-pane -M (client 0x0)
1483381228.905999 cmd_find_client: no target, return 0x0
1483381228.906003 preparing -t state: target none
1483381228.906008 preparing -s state: target none
1483381228.906015 preparing state for bind-key M select-pane -M (client 0x0)
1483381228.906026 cmd_find_client: no target, return 0x0
1483381228.906031 preparing -t state: target none
1483381228.906035 preparing -s state: target none
1483381228.906051 continuing cmdq 0x7fb192f00000: flags 0, client 0x0
1483381228.906058 cmdq 0x7fb192f00000: bind-key [ copy-mode
1483381228.906065 preparing state for bind-key [ copy-mode (client 0x0)
1483381228.906070 cmd_find_client: no target, return 0x0
1483381228.906075 preparing -t state: target none
1483381228.906079 preparing -s state: target none
1483381228.906086 preparing state for bind-key [ copy-mode (client 0x0)
1483381228.906091 cmd_find_client: no target, return 0x0
1483381228.906096 preparing -t state: target none
1483381228.906100 preparing -s state: target none
1483381228.906111 continuing cmdq 0x7fb192f00000: flags 0, client 0x0
1483381228.906118 cmdq 0x7fb192f00000: bind-key ] paste-buffer
1483381228.906125 preparing state for bind-key ] paste-buffer (client 0x0)
1483381228.906130 cmd_find_client: no target, return 0x0
1483381228.906135 preparing -t state: target none
1483381228.906139 preparing -s state: target none
1483381228.906146 preparing state for bind-key ] paste-buffer (client 0x0)
1483381228.906151 cmd_find_client: no target, return 0x0
1483381228.906156 preparing -t state: target none
1483381228.906161 preparing -s state: target none
1483381228.906172 continuing cmdq 0x7fb192f00000: flags 0, client 0x0
1483381228.906179 cmdq 0x7fb192f00000: bind-key c new-window
1483381228.906186 preparing state for bind-key c new-window (client 0x0)
1483381228.906191 cmd_find_client: no target, return 0x0
1483381228.906195 preparing -t state: target none
1483381228.906200 preparing -s state: target none
1483381228.906207 preparing state for bind-key c new-window (client 0x0)
1483381228.906212 cmd_find_client: no target, return 0x0
1483381228.906216 preparing -t state: target none
1483381228.906221 preparing -s state: target none
1483381228.906232 continuing cmdq 0x7fb192f00000: flags 0, client 0x0
1483381228.906239 cmdq 0x7fb192f00000: bind-key d detach-client
1483381228.906245 preparing state for bind-key d detach-client (client 0x0)
1483381228.906250 cmd_find_client: no target, return 0x0
1483381228.906255 preparing -t state: target none
1483381228.906260 preparing -s state: target none
1483381228.906266 preparing state for bind-key d detach-client (client 0x0)
1483381228.906271 cmd_find_client: no target, return 0x0
1483381228.906276 preparing -t state: target none
1483381228.906281 preparing -s state: target none
1483381228.906293 continuing cmdq 0x7fb192f00000: flags 0, client 0x0
1483381228.906301 cmdq 0x7fb192f00000: bind-key f command-prompt "find-window '%%'"
1483381228.906309 preparing state for bind-key f command-prompt "find-window '%%'" (client 0x0)
1483381228.906314 cmd_find_client: no target, return 0x0
1483381228.906319 preparing -t state: target none
1483381228.906324 preparing -s state: target none
1483381228.906332 preparing state for bind-key f command-prompt "find-window '%%'" (client 0x0)
1483381228.906337 cmd_find_client: no target, return 0x0
1483381228.906341 preparing -t state: target none
1483381228.906346 preparing -s state: target none
1483381228.906358 continuing cmdq 0x7fb192f00000: flags 0, client 0x0
1483381228.906365 cmdq 0x7fb192f00000: bind-key i display-message
1483381228.906372 preparing state for bind-key i display-message (client 0x0)
1483381228.906377 cmd_find_client: no target, return 0x0
1483381228.906382 preparing -t state: target none
1483381228.906387 preparing -s state: target none
1483381228.906393 preparing state for bind-key i display-message (client 0x0)
1483381228.906398 cmd_find_client: no target, return 0x0
1483381228.906403 preparing -t state: target none
1483381228.906408 preparing -s state: target none
1483381228.906419 continuing cmdq 0x7fb192f00000: flags 0, client 0x0
1483381228.906425 cmdq 0x7fb192f00000: bind-key l last-window
1483381228.906432 preparing state for bind-key l last-window (client 0x0)
1483381228.906437 cmd_find_client: no target, return 0x0
1483381228.906447 preparing -t state: target none
1483381228.906452 preparing -s state: target none
1483381228.906459 preparing state for bind-key l last-window (client 0x0)
1483381228.906464 cmd_find_client: no target, return 0x0
1483381228.906469 preparing -t state: target none
1483381228.906473 preparing -s state: target none
1483381228.906485 continuing cmdq 0x7fb192f00000: flags 0, client 0x0
1483381228.906493 cmdq 0x7fb192f00000: bind-key m select-pane -m
1483381228.906500 preparing state for bind-key m select-pane -m (client 0x0)
1483381228.906506 cmd_find_client: no target, return 0x0
1483381228.906510 preparing -t state: target none
1483381228.906515 preparing -s state: target none
1483381228.906522 preparing state for bind-key m select-pane -m (client 0x0)
1483381228.906527 cmd_find_client: no target, return 0x0
1483381228.906532 preparing -t state: target none
1483381228.906537 preparing -s state: target none
1483381228.906548 continuing cmdq 0x7fb192f00000: flags 0, client 0x0
1483381228.906555 cmdq 0x7fb192f00000: bind-key n next-window
1483381228.906562 preparing state for bind-key n next-window (client 0x0)
1483381228.906567 cmd_find_client: no target, return 0x0
1483381228.906572 preparing -t state: target none
1483381228.906576 preparing -s state: target none
1483381228.906583 preparing state for bind-key n next-window (client 0x0)
1483381228.906588 cmd_find_client: no target, return 0x0
1483381228.906593 preparing -t state: target none
1483381228.906597 preparing -s state: target none
1483381228.906609 continuing cmdq 0x7fb192f00000: flags 0, client 0x0
1483381228.906617 cmdq 0x7fb192f00000: bind-key o select-pane -t:.+
1483381228.906625 preparing state for bind-key o select-pane -t:.+ (client 0x0)
1483381228.906630 cmd_find_client: no target, return 0x0
1483381228.906634 preparing -t state: target none
1483381228.906639 preparing -s state: target none
1483381228.906646 preparing state for bind-key o select-pane -t:.+ (client 0x0)
1483381228.906651 cmd_find_client: no target, return 0x0
1483381228.906656 preparing -t state: target none
1483381228.906661 preparing -s state: target none
1483381228.906673 continuing cmdq 0x7fb192f00000: flags 0, client 0x0
1483381228.906680 cmdq 0x7fb192f00000: bind-key p previous-window
1483381228.906686 preparing state for bind-key p previous-window (client 0x0)
1483381228.906692 cmd_find_client: no target, return 0x0
1483381228.906696 preparing -t state: target none
1483381228.906701 preparing -s state: target none
1483381228.906708 preparing state for bind-key p previous-window (client 0x0)
1483381228.906713 cmd_find_client: no target, return 0x0
1483381228.906717 preparing -t state: target none
1483381228.906722 preparing -s state: target none
1483381228.906733 continuing cmdq 0x7fb192f00000: flags 0, client 0x0
1483381228.906740 cmdq 0x7fb192f00000: bind-key q display-panes
1483381228.906747 preparing state for bind-key q display-panes (client 0x0)
1483381228.906752 cmd_find_client: no target, return 0x0
1483381228.906757 preparing -t state: target none
1483381228.906761 preparing -s state: target none
1483381228.906768 preparing state for bind-key q display-panes (client 0x0)
1483381228.906773 cmd_find_client: no target, return 0x0
1483381228.906778 preparing -t state: target none
1483381228.906782 preparing -s state: target none
1483381228.906793 continuing cmdq 0x7fb192f00000: flags 0, client 0x0
1483381228.906800 cmdq 0x7fb192f00000: bind-key r refresh-client
1483381228.906807 preparing state for bind-key r refresh-client (client 0x0)
1483381228.906812 cmd_find_client: no target, return 0x0
1483381228.906817 preparing -t state: target none
1483381228.906822 preparing -s state: target none
1483381228.906828 preparing state for bind-key r refresh-client (client 0x0)
1483381228.906833 cmd_find_client: no target, return 0x0
1483381228.906838 preparing -t state: target none
1483381228.906843 preparing -s state: target none
1483381228.906854 continuing cmdq 0x7fb192f00000: flags 0, client 0x0
1483381228.906860 cmdq 0x7fb192f00000: bind-key s choose-tree
1483381228.906872 preparing state for bind-key s choose-tree (client 0x0)
1483381228.906878 cmd_find_client: no target, return 0x0
1483381228.906882 preparing -t state: target none
1483381228.906887 preparing -s state: target none
1483381228.906894 preparing state for bind-key s choose-tree (client 0x0)
1483381228.906899 cmd_find_client: no target, return 0x0
1483381228.906903 preparing -t state: target none
1483381228.906908 preparing -s state: target none
1483381228.906919 continuing cmdq 0x7fb192f00000: flags 0, client 0x0
1483381228.906925 cmdq 0x7fb192f00000: bind-key t clock-mode
1483381228.906932 preparing state for bind-key t clock-mode (client 0x0)
1483381228.906937 cmd_find_client: no target, return 0x0
1483381228.906942 preparing -t state: target none
1483381228.906946 preparing -s state: target none
1483381228.906953 preparing state for bind-key t clock-mode (client 0x0)
1483381228.906958 cmd_find_client: no target, return 0x0
1483381228.906963 preparing -t state: target none
1483381228.906967 preparing -s state: target none
1483381228.906978 continuing cmdq 0x7fb192f00000: flags 0, client 0x0
1483381228.906985 cmdq 0x7fb192f00000: bind-key w choose-window
1483381228.906991 preparing state for bind-key w choose-window (client 0x0)
1483381228.906996 cmd_find_client: no target, return 0x0
1483381228.907001 preparing -t state: target none
1483381228.907006 preparing -s state: target none
1483381228.907012 preparing state for bind-key w choose-window (client 0x0)
1483381228.907018 cmd_find_client: no target, return 0x0
1483381228.907022 preparing -t state: target none
1483381228.907027 preparing -s state: target none
1483381228.907041 continuing cmdq 0x7fb192f00000: flags 0, client 0x0
1483381228.907050 cmdq 0x7fb192f00000: bind-key x confirm-before "-pkill-pane #P? (y/n)" kill-pane
1483381228.907059 preparing state for bind-key x confirm-before "-pkill-pane #P? (y/n)" kill-pane (client 0x0)
1483381228.907064 cmd_find_client: no target, return 0x0
1483381228.907069 preparing -t state: target none
1483381228.907074 preparing -s state: target none
1483381228.907083 preparing state for bind-key x confirm-before "-pkill-pane #P? (y/n)" kill-pane (client 0x0)
1483381228.907088 cmd_find_client: no target, return 0x0
1483381228.907093 preparing -t state: target none
1483381228.907097 preparing -s state: target none
1483381228.907110 continuing cmdq 0x7fb192f00000: flags 0, client 0x0
1483381228.907117 cmdq 0x7fb192f00000: bind-key z resize-pane -Z
1483381228.907125 preparing state for bind-key z resize-pane -Z (client 0x0)
1483381228.907130 cmd_find_client: no target, return 0x0
1483381228.907135 preparing -t state: target none
1483381228.907139 preparing -s state: target none
1483381228.907147 preparing state for bind-key z resize-pane -Z (client 0x0)
1483381228.907152 cmd_find_client: no target, return 0x0
1483381228.907157 preparing -t state: target none
1483381228.907161 preparing -s state: target none
1483381228.907173 continuing cmdq 0x7fb192f00000: flags 0, client 0x0
1483381228.907181 cmdq 0x7fb192f00000: bind-key { swap-pane -U
1483381228.907188 preparing state for bind-key { swap-pane -U (client 0x0)
1483381228.907193 cmd_find_client: no target, return 0x0
1483381228.907198 preparing -t state: target none
1483381228.907202 preparing -s state: target none
1483381228.907210 preparing state for bind-key { swap-pane -U (client 0x0)
1483381228.907215 cmd_find_client: no target, return 0x0
1483381228.907219 preparing -t state: target none
1483381228.907224 preparing -s state: target none
1483381228.907236 continuing cmdq 0x7fb192f00000: flags 0, client 0x0
1483381228.907244 cmdq 0x7fb192f00000: bind-key } swap-pane -D
1483381228.907251 preparing state for bind-key } swap-pane -D (client 0x0)
1483381228.907256 cmd_find_client: no target, return 0x0
1483381228.907261 preparing -t state: target none
1483381228.907265 preparing -s state: target none
1483381228.907273 preparing state for bind-key } swap-pane -D (client 0x0)
1483381228.907278 cmd_find_client: no target, return 0x0
1483381228.907282 preparing -t state: target none
1483381228.907292 preparing -s state: target none
1483381228.907308 continuing cmdq 0x7fb192f00000: flags 0, client 0x0
1483381228.907316 cmdq 0x7fb192f00000: bind-key ~ show-messages
1483381228.907323 preparing state for bind-key ~ show-messages (client 0x0)
1483381228.907328 cmd_find_client: no target, return 0x0
1483381228.907333 preparing -t state: target none
1483381228.907337 preparing -s state: target none
1483381228.907344 preparing state for bind-key ~ show-messages (client 0x0)
1483381228.907349 cmd_find_client: no target, return 0x0
1483381228.907354 preparing -t state: target none
1483381228.907358 preparing -s state: target none
1483381228.907371 continuing cmdq 0x7fb192f00000: flags 0, client 0x0
1483381228.907379 cmdq 0x7fb192f00000: bind-key PPage copy-mode -u
1483381228.907386 preparing state for bind-key PPage copy-mode -u (client 0x0)
1483381228.907391 cmd_find_client: no target, return 0x0
1483381228.907396 preparing -t state: target none
1483381228.907401 preparing -s state: target none
1483381228.907408 preparing state for bind-key PPage copy-mode -u (client 0x0)
1483381228.907413 cmd_find_client: no target, return 0x0
1483381228.907418 preparing -t state: target none
1483381228.907423 preparing -s state: target none
1483381228.907436 continuing cmdq 0x7fb192f00000: flags 0, client 0x0
1483381228.907445 cmdq 0x7fb192f00000: bind-key -r Up select-pane -U
1483381228.907454 preparing state for bind-key -r Up select-pane -U (client 0x0)
1483381228.907459 cmd_find_client: no target, return 0x0
1483381228.907463 preparing -t state: target none
1483381228.907468 preparing -s state: target none
1483381228.907477 preparing state for bind-key -r Up select-pane -U (client 0x0)
1483381228.907482 cmd_find_client: no target, return 0x0
1483381228.907486 preparing -t state: target none
1483381228.907491 preparing -s state: target none
1483381228.907505 continuing cmdq 0x7fb192f00000: flags 0, client 0x0
1483381228.907514 cmdq 0x7fb192f00000: bind-key -r Down select-pane -D
1483381228.907522 preparing state for bind-key -r Down select-pane -D (client 0x0)
1483381228.907527 cmd_find_client: no target, return 0x0
1483381228.907532 preparing -t state: target none
1483381228.907537 preparing -s state: target none
1483381228.907545 preparing state for bind-key -r Down select-pane -D (client 0x0)
1483381228.907550 cmd_find_client: no target, return 0x0
1483381228.907555 preparing -t state: target none
1483381228.907559 preparing -s state: target none
1483381228.907573 continuing cmdq 0x7fb192f00000: flags 0, client 0x0
1483381228.907581 cmdq 0x7fb192f00000: bind-key -r Left select-pane -L
1483381228.907590 preparing state for bind-key -r Left select-pane -L (client 0x0)
1483381228.907595 cmd_find_client: no target, return 0x0
1483381228.907600 preparing -t state: target none
1483381228.907604 preparing -s state: target none
1483381228.907612 preparing state for bind-key -r Left select-pane -L (client 0x0)
1483381228.907617 cmd_find_client: no target, return 0x0
1483381228.907622 preparing -t state: target none
1483381228.907627 preparing -s state: target none
1483381228.907640 continuing cmdq 0x7fb192f00000: flags 0, client 0x0
1483381228.907649 cmdq 0x7fb192f00000: bind-key -r Right select-pane -R
1483381228.907657 preparing state for bind-key -r Right select-pane -R (client 0x0)
1483381228.907663 cmd_find_client: no target, return 0x0
1483381228.907667 preparing -t state: target none
1483381228.907672 preparing -s state: target none
1483381228.907680 preparing state for bind-key -r Right select-pane -R (client 0x0)
1483381228.907685 cmd_find_client: no target, return 0x0
1483381228.907690 preparing -t state: target none
1483381228.907694 preparing -s state: target none
1483381228.907708 continuing cmdq 0x7fb192f00000: flags 0, client 0x0
1483381228.907716 cmdq 0x7fb192f00000: bind-key M-1 select-layout even-horizontal
1483381228.907724 preparing state for bind-key M-1 select-layout even-horizontal (client 0x0)
1483381228.907729 cmd_find_client: no target, return 0x0
1483381228.907734 preparing -t state: target none
1483381228.907744 preparing -s state: target none
1483381228.907752 preparing state for bind-key M-1 select-layout even-horizontal (client 0x0)
1483381228.907757 cmd_find_client: no target, return 0x0
1483381228.907762 preparing -t state: target none
1483381228.907767 preparing -s state: target none
1483381228.907780 continuing cmdq 0x7fb192f00000: flags 0, client 0x0
1483381228.907788 cmdq 0x7fb192f00000: bind-key M-2 select-layout even-vertical
1483381228.907796 preparing state for bind-key M-2 select-layout even-vertical (client 0x0)
1483381228.907801 cmd_find_client: no target, return 0x0
1483381228.907806 preparing -t state: target none
1483381228.907810 preparing -s state: target none
1483381228.907818 preparing state for bind-key M-2 select-layout even-vertical (client 0x0)
1483381228.907823 cmd_find_client: no target, return 0x0
1483381228.907827 preparing -t state: target none
1483381228.907832 preparing -s state: target none
1483381228.907845 continuing cmdq 0x7fb192f00000: flags 0, client 0x0
1483381228.907853 cmdq 0x7fb192f00000: bind-key M-3 select-layout main-horizontal
1483381228.907861 preparing state for bind-key M-3 select-layout main-horizontal (client 0x0)
1483381228.907866 cmd_find_client: no target, return 0x0
1483381228.907871 preparing -t state: target none
1483381228.907875 preparing -s state: target none
1483381228.907883 preparing state for bind-key M-3 select-layout main-horizontal (client 0x0)
1483381228.907888 cmd_find_client: no target, return 0x0
1483381228.907893 preparing -t state: target none
1483381228.907898 preparing -s state: target none
1483381228.907910 continuing cmdq 0x7fb192f00000: flags 0, client 0x0
1483381228.907918 cmdq 0x7fb192f00000: bind-key M-4 select-layout main-vertical
1483381228.907926 preparing state for bind-key M-4 select-layout main-vertical (client 0x0)
1483381228.907931 cmd_find_client: no target, return 0x0
1483381228.907936 preparing -t state: target none
1483381228.907940 preparing -s state: target none
1483381228.907948 preparing state for bind-key M-4 select-layout main-vertical (client 0x0)
1483381228.907953 cmd_find_client: no target, return 0x0
1483381228.907958 preparing -t state: target none
1483381228.907963 preparing -s state: target none
1483381228.907975 continuing cmdq 0x7fb192f00000: flags 0, client 0x0
1483381228.907983 cmdq 0x7fb192f00000: bind-key M-5 select-layout tiled
1483381228.907991 preparing state for bind-key M-5 select-layout tiled (client 0x0)
1483381228.907996 cmd_find_client: no target, return 0x0
1483381228.908000 preparing -t state: target none
1483381228.908005 preparing -s state: target none
1483381228.908013 preparing state for bind-key M-5 select-layout tiled (client 0x0)
1483381228.908018 cmd_find_client: no target, return 0x0
1483381228.908022 preparing -t state: target none
1483381228.908027 preparing -s state: target none
1483381228.908039 continuing cmdq 0x7fb192f00000: flags 0, client 0x0
1483381228.908047 cmdq 0x7fb192f00000: bind-key M-n next-window -a
1483381228.908054 preparing state for bind-key M-n next-window -a (client 0x0)
1483381228.908059 cmd_find_client: no target, return 0x0
1483381228.908064 preparing -t state: target none
1483381228.908069 preparing -s state: target none
1483381228.908076 preparing state for bind-key M-n next-window -a (client 0x0)
1483381228.908081 cmd_find_client: no target, return 0x0
1483381228.908086 preparing -t state: target none
1483381228.908091 preparing -s state: target none
1483381228.908103 continuing cmdq 0x7fb192f00000: flags 0, client 0x0
1483381228.908118 cmdq 0x7fb192f00000: bind-key M-o rotate-window -D
1483381228.908125 preparing state for bind-key M-o rotate-window -D (client 0x0)
1483381228.908130 cmd_find_client: no target, return 0x0
1483381228.908134 preparing -t state: target none
1483381228.908138 preparing -s state: target none
1483381228.908145 preparing state for bind-key M-o rotate-window -D (client 0x0)
1483381228.908150 cmd_find_client: no target, return 0x0
1483381228.908154 preparing -t state: target none
1483381228.908158 preparing -s state: target none
1483381228.908174 continuing cmdq 0x7fb192f00000: flags 0, client 0x0
1483381228.908182 cmdq 0x7fb192f00000: bind-key M-p previous-window -a
1483381228.908189 preparing state for bind-key M-p previous-window -a (client 0x0)
1483381228.908193 cmd_find_client: no target, return 0x0
1483381228.908197 preparing -t state: target none
1483381228.908202 preparing -s state: target none
1483381228.908208 preparing state for bind-key M-p previous-window -a (client 0x0)
1483381228.908213 cmd_find_client: no target, return 0x0
1483381228.908217 preparing -t state: target none
1483381228.908221 preparing -s state: target none
1483381228.908234 continuing cmdq 0x7fb192f00000: flags 0, client 0x0
1483381228.908242 cmdq 0x7fb192f00000: bind-key -r M-Up resize-pane -U 5
1483381228.908250 preparing state for bind-key -r M-Up resize-pane -U 5 (client 0x0)
1483381228.908255 cmd_find_client: no target, return 0x0
1483381228.908259 preparing -t state: target none
1483381228.908264 preparing -s state: target none
1483381228.908272 preparing state for bind-key -r M-Up resize-pane -U 5 (client 0x0)
1483381228.908277 cmd_find_client: no target, return 0x0
1483381228.908281 preparing -t state: target none
1483381228.908285 preparing -s state: target none
1483381228.908298 continuing cmdq 0x7fb192f00000: flags 0, client 0x0
1483381228.908307 cmdq 0x7fb192f00000: bind-key -r M-Down resize-pane -D 5
1483381228.908315 preparing state for bind-key -r M-Down resize-pane -D 5 (client 0x0)
1483381228.908320 cmd_find_client: no target, return 0x0
1483381228.908324 preparing -t state: target none
1483381228.908328 preparing -s state: target none
1483381228.908337 preparing state for bind-key -r M-Down resize-pane -D 5 (client 0x0)
1483381228.908345 cmd_find_client: no target, return 0x0
1483381228.908350 preparing -t state: target none
1483381228.908362 preparing -s state: target none
1483381228.908377 continuing cmdq 0x7fb192f00000: flags 0, client 0x0
1483381228.908393 cmdq 0x7fb192f00000: bind-key -r M-Left resize-pane -L 5
1483381228.908403 preparing state for bind-key -r M-Left resize-pane -L 5 (client 0x0)
1483381228.908408 cmd_find_client: no target, return 0x0
1483381228.908448 preparing -t state: target none
1483381228.908458 preparing -s state: target none
1483381228.908470 preparing state for bind-key -r M-Left resize-pane -L 5 (client 0x0)
1483381228.908476 cmd_find_client: no target, return 0x0
1483381228.908484 preparing -t state: target none
1483381228.908490 preparing -s state: target none
1483381228.908522 continuing cmdq 0x7fb192f00000: flags 0, client 0x0
1483381228.908534 cmdq 0x7fb192f00000: bind-key -r M-Right resize-pane -R 5
1483381228.908570 preparing state for bind-key -r M-Right resize-pane -R 5 (client 0x0)
1483381228.908596 cmd_find_client: no target, return 0x0
1483381228.908603 preparing -t state: target none
1483381228.908608 preparing -s state: target none
1483381228.908619 preparing state for bind-key -r M-Right resize-pane -R 5 (client 0x0)
1483381228.908625 cmd_find_client: no target, return 0x0
1483381228.908630 preparing -t state: target none
1483381228.908635 preparing -s state: target none
1483381228.908655 continuing cmdq 0x7fb192f00000: flags 0, client 0x0
1483381228.908665 cmdq 0x7fb192f00000: bind-key -r C-Up resize-pane -U
1483381228.908674 preparing state for bind-key -r C-Up resize-pane -U (client 0x0)
1483381228.908679 cmd_find_client: no target, return 0x0
1483381228.908684 preparing -t state: target none
1483381228.908689 preparing -s state: target none
1483381228.908697 preparing state for bind-key -r C-Up resize-pane -U (client 0x0)
1483381228.908703 cmd_find_client: no target, return 0x0
1483381228.908707 preparing -t state: target none
1483381228.908712 preparing -s state: target none
1483381228.908728 continuing cmdq 0x7fb192f00000: flags 0, client 0x0
1483381228.908737 cmdq 0x7fb192f00000: bind-key -r C-Down resize-pane -D
1483381228.908746 preparing state for bind-key -r C-Down resize-pane -D (client 0x0)
1483381228.908751 cmd_find_client: no target, return 0x0
1483381228.908756 preparing -t state: target none
1483381228.908772 preparing -s state: target none
1483381228.908782 preparing state for bind-key -r C-Down resize-pane -D (client 0x0)
1483381228.908787 cmd_find_client: no target, return 0x0
1483381228.908792 preparing -t state: target none
1483381228.908796 preparing -s state: target none
1483381228.908812 continuing cmdq 0x7fb192f00000: flags 0, client 0x0
1483381228.908821 cmdq 0x7fb192f00000: bind-key -r C-Left resize-pane -L
1483381228.908830 preparing state for bind-key -r C-Left resize-pane -L (client 0x0)
1483381228.908835 cmd_find_client: no target, return 0x0
1483381228.908840 preparing -t state: target none
1483381228.908844 preparing -s state: target none
1483381228.908853 preparing state for bind-key -r C-Left resize-pane -L (client 0x0)
1483381228.908858 cmd_find_client: no target, return 0x0
1483381228.908863 preparing -t state: target none
1483381228.908867 preparing -s state: target none
1483381228.908882 continuing cmdq 0x7fb192f00000: flags 0, client 0x0
1483381228.908891 cmdq 0x7fb192f00000: bind-key -r C-Right resize-pane -R
1483381228.908900 preparing state for bind-key -r C-Right resize-pane -R (client 0x0)
1483381228.908905 cmd_find_client: no target, return 0x0
1483381228.908910 preparing -t state: target none
1483381228.908915 preparing -s state: target none
1483381228.908924 preparing state for bind-key -r C-Right resize-pane -R (client 0x0)
1483381228.908929 cmd_find_client: no target, return 0x0
1483381228.908933 preparing -t state: target none
1483381228.908938 preparing -s state: target none
1483381228.908955 continuing cmdq 0x7fb192f00000: flags 0, client 0x0
1483381228.908966 cmdq 0x7fb192f00000: bind-key -n MouseDown1Pane select-pane -t=; send-keys -M
1483381228.908977 preparing state for bind-key -n MouseDown1Pane select-pane -t=; send-keys -M (client 0x0)
1483381228.908982 cmd_find_client: no target, return 0x0
1483381228.908987 preparing -t state: target none
1483381228.908992 preparing -s state: target none
1483381228.909002 preparing state for bind-key -n MouseDown1Pane select-pane -t=; send-keys -M (client 0x0)
1483381228.909007 cmd_find_client: no target, return 0x0
1483381228.909012 preparing -t state: target none
1483381228.909016 preparing -s state: target none
1483381228.909035 continuing cmdq 0x7fb192f00000: flags 0, client 0x0
1483381228.909044 cmdq 0x7fb192f00000: bind-key -n MouseDrag1Border resize-pane -M
1483381228.909053 preparing state for bind-key -n MouseDrag1Border resize-pane -M (client 0x0)
1483381228.909059 cmd_find_client: no target, return 0x0
1483381228.909063 preparing -t state: target none
1483381228.909068 preparing -s state: target none
1483381228.909077 preparing state for bind-key -n MouseDrag1Border resize-pane -M (client 0x0)
1483381228.909082 cmd_find_client: no target, return 0x0
1483381228.909087 preparing -t state: target none
1483381228.909091 preparing -s state: target none
1483381228.909108 continuing cmdq 0x7fb192f00000: flags 0, client 0x0
1483381228.909117 cmdq 0x7fb192f00000: bind-key -n MouseDown1Status select-window -t=
1483381228.909126 preparing state for bind-key -n MouseDown1Status select-window -t= (client 0x0)
1483381228.909135 cmd_find_client: no target, return 0x0
1483381228.909140 preparing -t state: target none
1483381228.909145 preparing -s state: target none
1483381228.909154 preparing state for bind-key -n MouseDown1Status select-window -t= (client 0x0)
1483381228.909159 cmd_find_client: no target, return 0x0
1483381228.909164 preparing -t state: target none
1483381228.909168 preparing -s state: target none
1483381228.909184 continuing cmdq 0x7fb192f00000: flags 0, client 0x0
1483381228.909192 cmdq 0x7fb192f00000: bind-key -n WheelDownStatus next-window
1483381228.909201 preparing state for bind-key -n WheelDownStatus next-window (client 0x0)
1483381228.909206 cmd_find_client: no target, return 0x0
1483381228.909213 preparing -t state: target none
1483381228.909218 preparing -s state: target none
1483381228.909226 preparing state for bind-key -n WheelDownStatus next-window (client 0x0)
1483381228.909239 cmd_find_client: no target, return 0x0
1483381228.909244 preparing -t state: target none
1483381228.909248 preparing -s state: target none
1483381228.909264 continuing cmdq 0x7fb192f00000: flags 0, client 0x0
1483381228.909273 cmdq 0x7fb192f00000: bind-key -n WheelUpStatus previous-window
1483381228.909281 preparing state for bind-key -n WheelUpStatus previous-window (client 0x0)
1483381228.909286 cmd_find_client: no target, return 0x0
1483381228.909291 preparing -t state: target none
1483381228.909296 preparing -s state: target none
1483381228.909304 preparing state for bind-key -n WheelUpStatus previous-window (client 0x0)
1483381228.909309 cmd_find_client: no target, return 0x0
1483381228.909313 preparing -t state: target none
1483381228.909318 preparing -s state: target none
1483381228.909341 continuing cmdq 0x7fb192f00000: flags 0, client 0x0
1483381228.909359 cmdq 0x7fb192f00000: bind-key -n MouseDrag1Pane if -Ft= #{mouse_any_flag} "if -Ft= "#{pane_in_mode}" "copy-mode -M" "send-keys -M"" "copy-mode -M"
1483381228.909373 preparing state for bind-key -n MouseDrag1Pane if -Ft= #{mouse_any_flag} "if -Ft= "#{pane_in_mode}" "copy-mode -M" "send-keys -M"" "copy-mode -M" (client 0x0)
1483381228.909378 cmd_find_client: no target, return 0x0
1483381228.909383 preparing -t state: target none
1483381228.909388 preparing -s state: target none
1483381228.909402 preparing state for bind-key -n MouseDrag1Pane if -Ft= #{mouse_any_flag} "if -Ft= "#{pane_in_mode}" "copy-mode -M" "send-keys -M"" "copy-mode -M" (client 0x0)
1483381228.909408 cmd_find_client: no target, return 0x0
1483381228.909412 preparing -t state: target none
1483381228.909417 preparing -s state: target none
1483381228.909441 continuing cmdq 0x7fb192f00000: flags 0, client 0x0
1483381228.909454 cmdq 0x7fb192f00000: bind-key -n MouseDown3Pane if-shell -Ft= #{mouse_any_flag} "select-pane -t=; send-keys -M" "select-pane -mt="
1483381228.909467 preparing state for bind-key -n MouseDown3Pane if-shell -Ft= #{mouse_any_flag} "select-pane -t=; send-keys -M" "select-pane -mt=" (client 0x0)
1483381228.909472 cmd_find_client: no target, return 0x0
1483381228.909479 preparing -t state: target none
1483381228.909484 preparing -s state: target none
1483381228.909496 preparing state for bind-key -n MouseDown3Pane if-shell -Ft= #{mouse_any_flag} "select-pane -t=; send-keys -M" "select-pane -mt=" (client 0x0)
1483381228.909501 cmd_find_client: no target, return 0x0
1483381228.909506 preparing -t state: target none
1483381228.909511 preparing -s state: target none
1483381228.909535 continuing cmdq 0x7fb192f00000: flags 0, client 0x0
1483381228.909551 cmdq 0x7fb192f00000: bind-key -n WheelUpPane if-shell -Ft= #{mouse_any_flag} "send-keys -M" "if -Ft= "#{pane_in_mode}" "send-keys -M" "copy-mode -et=""
1483381228.909564 preparing state for bind-key -n WheelUpPane if-shell -Ft= #{mouse_any_flag} "send-keys -M" "if -Ft= "#{pane_in_mode}" "send-keys -M" "copy-mode -et="" (client 0x0)
1483381228.909570 cmd_find_client: no target, return 0x0
1483381228.909575 preparing -t state: target none
1483381228.909580 preparing -s state: target none
1483381228.909592 preparing state for bind-key -n WheelUpPane if-shell -Ft= #{mouse_any_flag} "send-keys -M" "if -Ft= "#{pane_in_mode}" "send-keys -M" "copy-mode -et="" (client 0x0)
1483381228.909597 cmd_find_client: no target, return 0x0
1483381228.909602 preparing -t state: target none
1483381228.909607 preparing -s state: target none
1483381228.910255 add peer 0x7fb195000800: 8 (0x7fb195000000)
1483381228.910675 new client 0x7fb195000000
1483381228.910748 loading /etc/tmux.conf
1483381228.910775 loading /Users/jamesrice/.tmux.conf
1483381228.910790 continuing cmdq 0x7fb194803fd0: flags 0, client 0x0
1483381228.910796 unref client 0x7fb195000000 (2 references)
1483381228.910809 server loop enter
1483381228.910918 peer 0x7fb195000800 message 100
1483381228.910930 client 0x7fb195000000 IDENTIFY_FLAGS 0x10000
1483381228.910936 peer 0x7fb195000800 message 101
1483381228.910941 client 0x7fb195000000 IDENTIFY_TERM xterm-256color
1483381228.910947 peer 0x7fb195000800 message 102
1483381228.910960 client 0x7fb195000000 IDENTIFY_TTYNAME /dev/ttys001
1483381228.910966 peer 0x7fb195000800 message 108
1483381228.910976 client 0x7fb195000000 IDENTIFY_CWD /Users/jamesrice/ictgamejam-hugo
1483381228.910982 peer 0x7fb195000800 message 104
1483381228.910987 client 0x7fb195000000 IDENTIFY_STDIN 6
1483381228.910992 peer 0x7fb195000800 message 107
1483381228.910997 client 0x7fb195000000 IDENTIFY_CLIENTPID 36715
1483381228.911003 peer 0x7fb195000800 message 105
1483381228.911012 client 0x7fb195000000 IDENTIFY_ENVIRON TMPDIR=/var/folders/8q/3zx4gmn146307yh76j6nfrbm0000gn/T/
1483381228.911018 peer 0x7fb195000800 message 105
1483381228.911024 client 0x7fb195000000 IDENTIFY_ENVIRON SECURITYSESSIONID=186a7
1483381228.911029 peer 0x7fb195000800 message 105
1483381228.911037 client 0x7fb195000000 IDENTIFY_ENVIRON Apple_PubSub_Socket_Render=/private/tmp/com.apple.launchd.yvSWhI2cuV/Render
1483381228.911042 peer 0x7fb195000800 message 105
1483381228.911048 client 0x7fb195000000 IDENTIFY_ENVIRON TERM_PROGRAM_VERSION=387
1483381228.911053 peer 0x7fb195000800 message 105
1483381228.911059 client 0x7fb195000000 IDENTIFY_ENVIRON LANG=en_US.UTF-8
1483381228.911064 peer 0x7fb195000800 message 105
1483381228.911070 client 0x7fb195000000 IDENTIFY_ENVIRON TERM_PROGRAM=Apple_Terminal
1483381228.911076 peer 0x7fb195000800 message 105
1483381228.911082 client 0x7fb195000000 IDENTIFY_ENVIRON XPC_SERVICE_NAME=0
1483381228.911087 peer 0x7fb195000800 message 105
1483381228.911093 client 0x7fb195000000 IDENTIFY_ENVIRON XPC_FLAGS=0x0
1483381228.911098 peer 0x7fb195000800 message 105
1483381228.911105 client 0x7fb195000000 IDENTIFY_ENVIRON TERM_SESSION_ID=3BD49F1F-F6E6-4153-9983-9202E8E6F2B4
1483381228.911110 peer 0x7fb195000800 message 105
1483381228.911117 client 0x7fb195000000 IDENTIFY_ENVIRON SSH_AUTH_SOCK=/private/tmp/com.apple.launchd.wzSLMzHMng/Listeners
1483381228.911122 peer 0x7fb195000800 message 105
1483381228.911128 client 0x7fb195000000 IDENTIFY_ENVIRON TERM=xterm-256color
1483381228.911133 peer 0x7fb195000800 message 105
1483381228.911139 client 0x7fb195000000 IDENTIFY_ENVIRON __CF_USER_TEXT_ENCODING=0x1F5:0x0:0x0
1483381228.911145 peer 0x7fb195000800 message 105
1483381228.911150 client 0x7fb195000000 IDENTIFY_ENVIRON SHELL=/bin/zsh
1483381228.911156 peer 0x7fb195000800 message 105
1483381228.911162 client 0x7fb195000000 IDENTIFY_ENVIRON HOME=/Users/jamesrice
1483381228.911167 peer 0x7fb195000800 message 105
1483381228.911172 client 0x7fb195000000 IDENTIFY_ENVIRON LOGNAME=jamesrice
1483381228.911178 peer 0x7fb195000800 message 105
1483381228.911183 client 0x7fb195000000 IDENTIFY_ENVIRON USER=jamesrice
1483381228.911189 peer 0x7fb195000800 message 105
1483381228.911200 client 0x7fb195000000 IDENTIFY_ENVIRON PATH=/usr/local/bin:/usr/bin:/bin:/usr/sbin:/sbin:/usr/local/go/bin:/Users/jamesrice/.rvm/bin:/usr/local/go/bin:/Users/jamesrice/go/bin
1483381228.911206 peer 0x7fb195000800 message 105
1483381228.911213 client 0x7fb195000000 IDENTIFY_ENVIRON SHLVL=1
1483381228.911218 peer 0x7fb195000800 message 105
1483381228.911224 client 0x7fb195000000 IDENTIFY_ENVIRON PWD=/Users/jamesrice/ictgamejam-hugo
1483381228.911229 peer 0x7fb195000800 message 105
1483381228.911235 client 0x7fb195000000 IDENTIFY_ENVIRON OLDPWD=/Users/jamesrice
1483381228.911240 peer 0x7fb195000800 message 105
1483381228.911246 client 0x7fb195000000 IDENTIFY_ENVIRON GOPATH=/Users/jamesrice/go
1483381228.911251 peer 0x7fb195000800 message 105
1483381228.911257 client 0x7fb195000000 IDENTIFY_ENVIRON _=/usr/local/bin/tmux
1483381228.911262 peer 0x7fb195000800 message 105
1483381228.911268 client 0x7fb195000000 IDENTIFY_ENVIRON EVENT_NOKQUEUE=1
1483381228.911273 peer 0x7fb195000800 message 105
1483381228.911279 client 0x7fb195000000 IDENTIFY_ENVIRON EVENT_NOPOLL=1
1483381228.911284 peer 0x7fb195000800 message 106
1483381228.912282 peer 0x7fb195000800 message 200
1483381228.912295 continuing cmdq 0x7fb194803c60: flags 0, client 0x7fb195000000
1483381228.912301 cmdq 0x7fb194803c60: new-session
1483381228.912308 preparing state for new-session (client 0x7fb195000000)
1483381228.912322 cmd_find_current_session: have client 0x7fb195000000
1483381228.912950 cmd_find_client: no target, return 0x0
1483381228.912978 preparing -t state: target none
1483381228.912985 cmd_prepare_state_flag: flag t 4 0x2
1483381228.912991 cmd_find_current_session: have client 0x7fb195000000
1483381228.912996 cmd_find_target: target none, type 2
1483381228.913002 cmd_find_target: cmdq 0x7fb194803c60, flags 0x2
1483381228.913011 cmd_find_target: s=none
1483381228.913016 cmd_find_target: wl=none
1483381228.913021 cmd_find_target: wp=none
1483381228.913025 cmd_find_target: idx=none
1483381228.913030 preparing -s state: target none
1483381228.913039 preparing state for new-session (client 0x7fb195000000)
1483381228.913045 cmd_find_current_session: have client 0x7fb195000000
1483381228.913050 cmd_find_client: no target, return 0x0
1483381228.913055 preparing -t state: target none
1483381228.913060 cmd_prepare_state_flag: flag t 4 0x2
1483381228.913065 cmd_find_current_session: have client 0x7fb195000000
1483381228.913070 cmd_find_target: target none, type 2
1483381228.913075 cmd_find_target: cmdq 0x7fb194803c60, flags 0x2
1483381228.913080 cmd_find_target: s=none
1483381228.913084 cmd_find_target: wl=none
1483381228.913089 cmd_find_target: wp=none
1483381228.913094 cmd_find_target: idx=none
1483381228.913098 preparing -s state: target none
1483381228.913125 new term: xterm-256color
1483381228.914071 xterm-256color override: XT 
1483381228.914087 xterm-256color override: Ms \033]52;%p1%s;%p2%s\a
1483381228.914095 xterm-256color override: Cs \033]12;%p1%s\a
1483381228.914102 xterm-256color override: Cr \033]112\a
1483381228.914109 xterm-256color override: Ss \033[%p1%d q
1483381228.914115 xterm-256color override: Se \033[2 q
1483381228.915044 new key \033Oo: 0x100000000045 (KP/)
1483381228.915062 new key \033Oj: 0x100000000046 (KP*)
1483381228.915078 new key \033Om: 0x100000000047 (KP-)
1483381228.915084 new key \033Ow: 0x100000000048 (KP7)
1483381228.915089 new key \033Ox: 0x100000000049 (KP8)
1483381228.915095 new key \033Oy: 0x10000000004a (KP9)
1483381228.915100 new key \033Ok: 0x10000000004b (KP+)
1483381228.915105 new key \033Ot: 0x10000000004c (KP4)
1483381228.915110 new key \033Ou: 0x10000000004d (KP5)
1483381228.915115 new key \033Ov: 0x10000000004e (KP6)
1483381228.915120 new key \033Oq: 0x10000000004f (KP1)
1483381228.915125 new key \033Or: 0x100000000050 (KP2)
1483381228.915130 new key \033Os: 0x100000000051 (KP3)
1483381228.915135 new key \033OM: 0x100000000052 (KPEnter)
1483381228.915140 new key \033Op: 0x100000000053 (KP0)
1483381228.915145 new key \033On: 0x100000000054 (KP.)
1483381228.915150 new key \033OA: 0x100000000041 (Up)
1483381228.915155 new key \033OB: 0x100000000042 (Down)
1483381228.915160 new key \033OC: 0x100000000044 (Right)
1483381228.915165 new key \033OD: 0x100000000043 (Left)
1483381228.915170 new key \033[A: 0x100000000041 (Up)
1483381228.915175 new key \033[B: 0x100000000042 (Down)
1483381228.915180 new key \033[C: 0x100000000044 (Right)
1483381228.915185 new key \033[D: 0x100000000043 (Left)
1483381228.915190 new key \033OH: 0x10000000003c (Home)
1483381228.915195 new key \033OF: 0x10000000003d (End)
1483381228.915202 new key \033[H: 0x10000000003c (Home)
1483381228.915207 new key \033[F: 0x10000000003d (End)
1483381228.915212 new key \033Oa: 0x500000000041 (C-Up)
1483381228.915220 new key \033Ob: 0x500000000042 (C-Down)
1483381228.915226 new key \033Oc: 0x500000000044 (C-Right)
1483381228.915231 new key \033Od: 0x500000000043 (C-Left)
1483381228.915238 new key \033[a: 0x900000000041 (S-Up)
1483381228.915243 new key \033[b: 0x900000000042 (S-Down)
1483381228.915248 new key \033[c: 0x900000000044 (S-Right)
1483381228.915253 new key \033[d: 0x900000000043 (S-Left)
1483381228.915260 new key \033[11^: 0x50000000002e (C-F1)
1483381228.915265 new key \033[12^: 0x50000000002f (C-F2)
1483381228.915270 new key \033[13^: 0x500000000030 (C-F3)
1483381228.915275 new key \033[14^: 0x500000000031 (C-F4)
1483381228.915280 new key \033[15^: 0x500000000032 (C-F5)
1483381228.915304 new key \033[17^: 0x500000000033 (C-F6)
1483381228.915310 new key \033[18^: 0x500000000034 (C-F7)
1483381228.915315 new key \033[19^: 0x500000000035 (C-F8)
1483381228.915320 new key \033[20^: 0x500000000036 (C-F9)
1483381228.915325 new key \033[21^: 0x500000000037 (C-F10)
1483381228.915335 new key \033[23^: 0x500000000038 (C-F11)
1483381228.915341 new key \033[24^: 0x500000000039 (C-F12)
1483381228.915346 new key \033[2^: 0x50000000003a (C-IC)
1483381228.915351 new key \033[3^: 0x50000000003b (C-DC)
1483381228.915356 new key \033[7^: 0x50000000003c (C-Home)
1483381228.915361 new key \033[8^: 0x50000000003d (C-End)
1483381228.915366 new key \033[6^: 0x50000000003e (C-NPage)
1483381228.915371 new key \033[5^: 0x50000000003f (C-PPage)
1483381228.915376 new key \033[11$: 0x90000000002e (S-F1)
1483381228.915381 new key \033[12$: 0x90000000002f (S-F2)
1483381228.915386 new key \033[13$: 0x900000000030 (S-F3)
1483381228.915391 new key \033[14$: 0x900000000031 (S-F4)
1483381228.915396 new key \033[15$: 0x900000000032 (S-F5)
1483381228.915401 new key \033[17$: 0x900000000033 (S-F6)
1483381228.915405 new key \033[18$: 0x900000000034 (S-F7)
1483381228.915410 new key \033[19$: 0x900000000035 (S-F8)
1483381228.915415 new key \033[20$: 0x900000000036 (S-F9)
1483381228.915420 new key \033[21$: 0x900000000037 (S-F10)
1483381228.915425 new key \033[23$: 0x900000000038 (S-F11)
1483381228.915430 new key \033[24$: 0x900000000039 (S-F12)
1483381228.915435 new key \033[2$: 0x90000000003a (S-IC)
1483381228.915439 new key \033[3$: 0x90000000003b (S-DC)
1483381228.915444 new key \033[7$: 0x90000000003c (S-Home)
1483381228.915449 new key \033[8$: 0x90000000003d (S-End)
1483381228.915454 new key \033[6$: 0x90000000003e (S-NPage)
1483381228.915459 new key \033[5$: 0x90000000003f (S-PPage)
1483381228.915464 new key \033[11@: 0xd0000000002e (C-S-F1)
1483381228.915469 new key \033[12@: 0xd0000000002f (C-S-F2)
1483381228.915474 new key \033[13@: 0xd00000000030 (C-S-F3)
1483381228.915479 new key \033[14@: 0xd00000000031 (C-S-F4)
1483381228.915484 new key \033[15@: 0xd00000000032 (C-S-F5)
1483381228.915489 new key \033[17@: 0xd00000000033 (C-S-F6)
1483381228.915494 new key \033[18@: 0xd00000000034 (C-S-F7)
1483381228.915500 new key \033[19@: 0xd00000000035 (C-S-F8)
1483381228.915505 new key \033[20@: 0xd00000000036 (C-S-F9)
1483381228.915510 new key \033[21@: 0xd00000000037 (C-S-F10)
1483381228.915515 new key \033[23@: 0xd00000000038 (C-S-F11)
1483381228.915520 new key \033[24@: 0xd00000000039 (C-S-F12)
1483381228.915525 new key \033[2@: 0xd0000000003a (C-S-IC)
1483381228.915530 new key \033[3@: 0xd0000000003b (C-S-DC)
1483381228.915535 new key \033[7@: 0xd0000000003c (C-S-Home)
1483381228.915540 new key \033[8@: 0xd0000000003d (C-S-End)
1483381228.915545 new key \033[6@: 0xd0000000003e (C-S-NPage)
1483381228.915550 new key \033[5@: 0xd0000000003f (C-S-PPage)
1483381228.915564 new key \033[I: 0x100000000000 (Invalid#100000000000)
1483381228.915570 new key \033[O: 0x100000000001 (Invalid#100000000001)
1483381228.915575 new key \033OP: 0x10000000002e (F1)
1483381228.915580 new key \033OQ: 0x10000000002f (F2)
1483381228.915585 new key \033OR: 0x100000000030 (F3)
1483381228.915590 new key \033OS: 0x100000000031 (F4)
1483381228.915595 new key \033[15~: 0x100000000032 (F5)
1483381228.915600 new key \033[17~: 0x100000000033 (F6)
1483381228.915605 new key \033[18~: 0x100000000034 (F7)
1483381228.915609 new key \033[19~: 0x100000000035 (F8)
1483381228.915614 new key \033[20~: 0x100000000036 (F9)
1483381228.915619 new key \033[21~: 0x100000000037 (F10)
1483381228.915624 new key \033[23~: 0x100000000038 (F11)
1483381228.915629 new key \033[24~: 0x100000000039 (F12)
1483381228.915634 new key \033[1;2P: 0x90000000002e (S-F1)
1483381228.915639 new key \033[1;2Q: 0x90000000002f (S-F2)
1483381228.915644 new key \033[1;2R: 0x900000000030 (S-F3)
1483381228.915649 new key \033[1;2S: 0x900000000031 (S-F4)
1483381228.915654 new key \033[15;2~: 0x900000000032 (S-F5)
1483381228.915659 new key \033[17;2~: 0x900000000033 (S-F6)
1483381228.915664 new key \033[18;2~: 0x900000000034 (S-F7)
1483381228.915675 new key \033[19;2~: 0x900000000035 (S-F8)
1483381228.915684 new key \033[20;2~: 0x900000000036 (S-F9)
1483381228.915689 new key \033[21;2~: 0x900000000037 (S-F10)
1483381228.915695 new key \033[23;2~: 0x900000000038 (S-F11)
1483381228.915700 new key \033[24;2~: 0x900000000039 (S-F12)
1483381228.915705 new key \033[1;5P: 0x50000000002e (C-F1)
1483381228.915710 new key \033[1;5Q: 0x50000000002f (C-F2)
1483381228.915715 new key \033[1;5R: 0x500000000030 (C-F3)
1483381228.915720 new key \033[1;5S: 0x500000000031 (C-F4)
1483381228.915725 new key \033[15;5~: 0x500000000032 (C-F5)
1483381228.915730 new key \033[17;5~: 0x500000000033 (C-F6)
1483381228.915735 new key \033[18;5~: 0x500000000034 (C-F7)
1483381228.915741 new key \033[19;5~: 0x500000000035 (C-F8)
1483381228.915746 new key \033[20;5~: 0x500000000036 (C-F9)
1483381228.915751 new key \033[21;5~: 0x500000000037 (C-F10)
1483381228.915756 new key \033[23;5~: 0x500000000038 (C-F11)
1483381228.915761 new key \033[24;5~: 0x500000000039 (C-F12)
1483381228.915766 new key \033[1;6P: 0xd0000000002e (C-S-F1)
1483381228.915771 new key \033[1;6Q: 0xd0000000002f (C-S-F2)
1483381228.915776 new key \033[1;6R: 0xd00000000030 (C-S-F3)
1483381228.915781 new key \033[1;6S: 0xd00000000031 (C-S-F4)
1483381228.915787 new key \033[15;6~: 0xd00000000032 (C-S-F5)
1483381228.915792 new key \033[17;6~: 0xd00000000033 (C-S-F6)
1483381228.915797 new key \033[18;6~: 0xd00000000034 (C-S-F7)
1483381228.915802 new key \033[19;6~: 0xd00000000035 (C-S-F8)
1483381228.915807 new key \033[20;6~: 0xd00000000036 (C-S-F9)
1483381228.915812 new key \033[21;6~: 0xd00000000037 (C-S-F10)
1483381228.915817 new key \033[23;6~: 0xd00000000038 (C-S-F11)
1483381228.915822 new key \033[24;6~: 0xd00000000039 (C-S-F12)
1483381228.915827 new key \033[1;3P: 0x30000000002e (M-F1)
1483381228.915832 new key \033[1;3Q: 0x30000000002f (M-F2)
1483381228.915837 new key \033[1;3R: 0x300000000030 (M-F3)
1483381228.915842 new key \033[1;3S: 0x300000000031 (M-F4)
1483381228.915847 new key \033[15;3~: 0x300000000032 (M-F5)
1483381228.915852 new key \033[17;3~: 0x300000000033 (M-F6)
1483381228.915857 new key \033[18;3~: 0x300000000034 (M-F7)
1483381228.915862 new key \033[19;3~: 0x300000000035 (M-F8)
1483381228.915867 new key \033[20;3~: 0x300000000036 (M-F9)
1483381228.915873 new key \033[21;3~: 0x300000000037 (M-F10)
1483381228.915878 new key \033[23;3~: 0x300000000038 (M-F11)
1483381228.915883 new key \033[24;3~: 0x300000000039 (M-F12)
1483381228.915888 new key \033[1;4P: 0xb0000000002e (M-S-F1)
1483381228.915893 new key \033[1;4Q: 0xb0000000002f (M-S-F2)
1483381228.915898 new key \033[1;4R: 0xb00000000030 (M-S-F3)
1483381228.915903 new key \033[2~: 0x10000000003a (IC)
1483381228.915908 new key \033[3~: 0x10000000003b (DC)
1483381228.915913 replacing key \033OH: 0x10000000003c (Home)
1483381228.915918 replacing key \033OF: 0x10000000003d (End)
1483381228.915923 new key \033[6~: 0x10000000003e (NPage)
1483381228.915928 new key \033[5~: 0x10000000003f (PPage)
1483381228.915933 new key \033[Z: 0x100000000040 (BTab)
1483381228.915940 replacing key \033OA: 0x100000000041 (Up)
1483381228.915946 replacing key \033OB: 0x100000000042 (Down)
1483381228.915951 replacing key \033OD: 0x100000000043 (Left)
1483381228.915955 replacing key \033OC: 0x100000000044 (Right)
1483381228.915960 new key \033[3;2~: 0x90000000003b (S-DC)
1483381228.915966 new key \033[3;3~: 0x30000000003b (M-DC)
1483381228.915971 new key \033[3;4~: 0xb0000000003b (M-S-DC)
1483381228.915976 new key \033[3;5~: 0x50000000003b (C-DC)
1483381228.915981 new key \033[3;6~: 0xd0000000003b (C-S-DC)
1483381228.915986 new key \033[3;7~: 0x70000000003b (C-M-DC)
1483381228.915991 new key \033[1;2B: 0x900000000042 (S-Down)
1483381228.915996 new key \033[1;3B: 0x300000000042 (M-Down)
1483381228.916001 new key \033[1;4B: 0xb00000000042 (M-S-Down)
1483381228.916006 new key \033[1;5B: 0x500000000042 (C-Down)
1483381228.916011 new key \033[1;6B: 0xd00000000042 (C-S-Down)
1483381228.916016 new key \033[1;7B: 0x700000000042 (C-M-Down)
1483381228.916021 new key \033[1;2F: 0x90000000003d (S-End)
1483381228.916031 new key \033[1;3F: 0x30000000003d (M-End)
1483381228.916037 new key \033[1;4F: 0xb0000000003d (M-S-End)
1483381228.916042 new key \033[1;5F: 0x50000000003d (C-End)
1483381228.916047 new key \033[1;6F: 0xd0000000003d (C-S-End)
1483381228.916052 new key \033[1;7F: 0x70000000003d (C-M-End)
1483381228.916057 new key \033[1;2H: 0x90000000003c (S-Home)
1483381228.916062 new key \033[1;3H: 0x30000000003c (M-Home)
1483381228.916068 new key \033[1;4H: 0xb0000000003c (M-S-Home)
1483381228.916073 new key \033[1;5H: 0x50000000003c (C-Home)
1483381228.916078 new key \033[1;6H: 0xd0000000003c (C-S-Home)
1483381228.916083 new key \033[1;7H: 0x70000000003c (C-M-Home)
1483381228.916088 new key \033[2;2~: 0x90000000003a (S-IC)
1483381228.916093 new key \033[2;3~: 0x30000000003a (M-IC)
1483381228.916098 new key \033[2;4~: 0xb0000000003a (M-S-IC)
1483381228.916103 new key \033[2;5~: 0x50000000003a (C-IC)
1483381228.916108 new key \033[2;6~: 0xd0000000003a (C-S-IC)
1483381228.916113 new key \033[2;7~: 0x70000000003a (C-M-IC)
1483381228.916118 new key \033[1;2D: 0x900000000043 (S-Left)
1483381228.916124 new key \033[1;3D: 0x300000000043 (M-Left)
1483381228.916129 new key \033[1;4D: 0xb00000000043 (M-S-Left)
1483381228.916134 new key \033[1;5D: 0x500000000043 (C-Left)
1483381228.916143 new key \033[1;6D: 0xd00000000043 (C-S-Left)
1483381228.916148 new key \033[1;7D: 0x700000000043 (C-M-Left)
1483381228.916153 new key \033[6;2~: 0x90000000003e (S-NPage)
1483381228.916159 new key \033[6;3~: 0x30000000003e (M-NPage)
1483381228.916164 new key \033[6;4~: 0xb0000000003e (M-S-NPage)
1483381228.916169 new key \033[6;5~: 0x50000000003e (C-NPage)
1483381228.916174 new key \033[6;6~: 0xd0000000003e (C-S-NPage)
1483381228.916179 new key \033[6;7~: 0x70000000003e (C-M-NPage)
1483381228.916184 new key \033[5;2~: 0x90000000003f (S-PPage)
1483381228.916189 new key \033[5;3~: 0x30000000003f (M-PPage)
1483381228.916207 new key \033[5;4~: 0xb0000000003f (M-S-PPage)
1483381228.916213 new key \033[5;5~: 0x50000000003f (C-PPage)
1483381228.916219 new key \033[5;6~: 0xd0000000003f (C-S-PPage)
1483381228.916225 new key \033[5;7~: 0x70000000003f (C-M-PPage)
1483381228.916231 new key \033[1;2C: 0x900000000044 (S-Right)
1483381228.916237 new key \033[1;3C: 0x300000000044 (M-Right)
1483381228.916244 new key \033[1;4C: 0xb00000000044 (M-S-Right)
1483381228.916250 new key \033[1;5C: 0x500000000044 (C-Right)
1483381228.916256 new key \033[1;6C: 0xd00000000044 (C-S-Right)
1483381228.916262 new key \033[1;7C: 0x700000000044 (C-M-Right)
1483381228.916268 new key \033[1;2A: 0x900000000041 (S-Up)
1483381228.916274 new key \033[1;3A: 0x300000000041 (M-Up)
1483381228.916280 new key \033[1;4A: 0xb00000000041 (M-S-Up)
1483381228.916285 new key \033[1;5A: 0x500000000041 (C-Up)
1483381228.916291 new key \033[1;6A: 0xd00000000041 (C-S-Up)
1483381228.916300 new key \033[1;7A: 0x700000000041 (C-M-Up)
1483381228.916324 new session 0 $0
1483381228.916331 session 0 activity 1483381228.916329 (last 0.000000)
1483381228.916366 @0 alerts flags added 0x2
1483381228.916827 spawn: /bin/zsh -- 
1483381228.916842 spawn: Apple_PubSub_Socket_Render=/private/tmp/com.apple.launchd.yvSWhI2cuV/Render
1483381228.916849 spawn: GOPATH=/Users/jamesrice/go
1483381228.916855 spawn: HOME=/Users/jamesrice
1483381228.916860 spawn: LANG=en_US.UTF-8
1483381228.916865 spawn: LOGNAME=jamesrice
1483381228.916870 spawn: OLDPWD=/Users/jamesrice
1483381228.916878 spawn: PATH=/usr/local/bin:/usr/bin:/bin:/usr/sbin:/sbin:/usr/local/go/bin:/Users/jamesrice/.rvm/bin:/usr/local/go/bin:/Users/jamesrice/go/bin
1483381228.916884 spawn: PWD=/Users/jamesrice/ictgamejam-hugo
1483381228.916889 spawn: SECURITYSESSIONID=186a7
1483381228.916895 spawn: SHELL=/bin/zsh
1483381228.916900 spawn: SHLVL=1
1483381228.916906 spawn: SSH_AUTH_SOCK=/private/tmp/com.apple.launchd.wzSLMzHMng/Listeners
1483381228.916911 spawn: TERM=screen
1483381228.916917 spawn: TERM_PROGRAM=Apple_Terminal
1483381228.916922 spawn: TERM_PROGRAM_VERSION=387
1483381228.916928 spawn: TERM_SESSION_ID=3BD49F1F-F6E6-4153-9983-9202E8E6F2B4
1483381228.916945 spawn: TMPDIR=/var/folders/8q/3zx4gmn146307yh76j6nfrbm0000gn/T/
1483381228.916951 spawn: TMUX=/private/tmp/tmux-501/default,36717,0
1483381228.916956 spawn: USER=jamesrice
1483381228.916961 spawn: XPC_FLAGS=0x0
1483381228.916966 spawn: XPC_SERVICE_NAME=0
1483381228.916972 spawn: _=/usr/local/bin/tmux
1483381228.916977 spawn: __CF_USER_TEXT_ENCODING=0x1F5:0x0:0x0
1483381228.917550 @0 alerts timer reset 0
1483381228.917583 session 0 created
1483381228.917593 sending message 207 to peer 0x7fb195000800 (0 bytes)
1483381228.917635 client 0x7fb195000000, status interval 15
1483381228.917645 session 0 activity 1483381228.917643 (last 1483381228.916329)
1483381228.917700 session 0 has 3 references
1483381228.917708 session 0 has 2 references
1483381228.917714 unref client 0x7fb195000000 (2 references)
1483381228.917739 screen_write_start: size 158x1, no pane
1483381228.918040 screen_write_stop: 0 of 158 written (dirty 158, skipped 0)
1483381228.918281 format '[#S] ' -> '[0] '
1483381228.918454 format ' "#{=21:pane_title}" 12:20 02-Jan-17' -> ' "Jamess-MBP" 12:20 02-Jan-17'
1483381228.918611 format '#{window_flags}' -> '*'
1483381228.918620 format '#I:#W#{?window_flags,#{window_flags}, }' -> '0:zsh*'
1483381228.918656 screen_write_start: size 7x1, no pane
1483381228.918671 screen_write_stop: 0 of 7 written (dirty 7, skipped 0)
1483381228.918677 screen_write_start: size 158x1, no pane
1483381228.918688 screen_write_stop: 0 of 40 written (dirty 40, skipped 5)
1483381228.919070 @0 active pane not changed
1483381228.919250 @0 active pane not changed
1483381228.919542 peer 0x7fb195000800 message 208
1483381228.919561 @0 active pane not changed
1483381229.082555 %0 has 182 bytes (of 4096, 0 hits)
1483381229.082574 @0 alerts timer reset 0
1483381229.082597 screen_write_start: size 158x75, pane %0
1483381229.082613 input_parse: %0 ground, 182 bytes: \033[1m\033[3m%\033[23m\033[1m\033[0m                                                                                                                                                             \r \r
1483381229.082628 input_csi_dispatch: 'm' "" "1"
1483381229.082640 input_csi_dispatch: 'm' "" "3"
1483381229.082648 screen_write_cell: allocating 11850 bits
1483381229.082659 input_csi_dispatch: 'm' "" "23"
1483381229.082665 input_csi_dispatch: 'm' "" "1"
1483381229.082670 input_csi_dispatch: 'm' "" "0"
1483381229.082681 input_c0_dispatch: '\r'
1483381229.082686 input_c0_dispatch: '\r'
1483381229.082714 screen_write_stop: 1 of 159 written (dirty 158, skipped 157)
1483381229.082723 @0 active pane changed
1483381229.082795 format '#{pane_current_command}' -> 'zsh'
1483381229.082804 format '' -> ''
1483381229.082810 format '#{?pane_in_mode,[tmux],#{pane_current_command}}#{?pane_dead,[dead],}' -> 'zsh'
1483381229.082834 @0 name not changed (still zsh)
1483381229.082865 @0 active pane not changed
1483381229.083079 %0 has 33 bytes (of 4096, 0 hits)
1483381229.083094 @0 alerts timer reset 0
1483381229.083105 screen_write_start: size 158x75, pane %0
1483381229.083115 input_parse: %0 ground, 33 bytes: \r\033[0m\033[23m\033[24m\033[JJamess-MBP% \033[K
1483381229.083122 input_c0_dispatch: '\r'
1483381229.083129 input_csi_dispatch: 'm' "" "0"
1483381229.083136 input_csi_dispatch: 'm' "" "23"
1483381229.083142 input_csi_dispatch: 'm' "" "24"
1483381229.083147 input_csi_dispatch: 'J' "" ""
1483381229.083192 input_csi_dispatch: 'K' "" ""
1483381229.083202 screen_write_stop: 11 of 12 written (dirty 1, skipped 1)
1483381229.083211 @0 active pane changed
1483381229.083218 @0 name timer queued (499512 left)
1483381229.083238 %0 has 8 bytes (of 4096, 0 hits)
1483381229.083243 @0 alerts timer reset 0
1483381229.083249 screen_write_start: size 158x75, pane %0
1483381229.083254 input_parse: %0 ground, 8 bytes: \033[?2004h
1483381229.083260 input_csi_dispatch: 'h' "?" "2004"
1483381229.083266 screen_write_stop: 0 of 0 written (dirty 0, skipped 0)
1483381229.083282 @0 active pane changed
1483381229.083287 @0 name timer already queued (499441 left)
1483381229.083304 @0 active pane changed
1483381229.083330 @0 name timer already queued (499407 left)
1483381229.583893 @0 name timer expired
1483381229.583987 @0 active pane changed
1483381229.584207 format '#{pane_current_command}' -> 'zsh'
1483381229.584229 format '' -> ''
1483381229.584246 format '#{?pane_in_mode,[tmux],#{pane_current_command}}#{?pane_dead,[dead],}' -> 'zsh'
1483381229.584310 @0 name not changed (still zsh)
1483381234.277291 keys are 1 (e)
1483381234.277326 next key is 1 (e) (expired=0)
1483381234.277341 complete key e 0x65
1483381234.277357 session 0 activity 1483381234.277352 (last 1483381228.917643)
1483381234.277371 session 0 not pasting
1483381234.277387 writing key 0x65 (e) to %0
1483381234.277409 @0 active pane not changed
1483381234.277458 @0 active pane not changed
1483381234.277872 %0 has 1 bytes (of 4096, 0 hits)
1483381234.277888 @0 alerts timer reset 0
1483381234.277902 screen_write_start: size 158x75, pane %0
1483381234.277914 input_parse: %0 ground, 1 bytes: e
1483381234.277935 screen_write_stop: 1 of 1 written (dirty 0, skipped 0)
1483381234.277949 @0 active pane changed
1483381234.278046 format '#{pane_current_command}' -> 'zsh'
1483381234.278061 format '' -> ''
1483381234.278074 format '#{?pane_in_mode,[tmux],#{pane_current_command}}#{?pane_dead,[dead],}' -> 'zsh'
1483381234.278121 @0 name not changed (still zsh)
1483381234.278167 @0 active pane not changed
1483381234.485274 keys are 1 (x)
1483381234.485308 next key is 1 (x) (expired=0)
1483381234.485323 complete key x 0x78
1483381234.485338 session 0 activity 1483381234.485333 (last 1483381234.277352)
1483381234.485351 session 0 not pasting
1483381234.485367 writing key 0x78 (x) to %0
1483381234.485389 @0 active pane not changed
1483381234.485438 @0 active pane not changed
1483381234.485611 %0 has 3 bytes (of 4096, 0 hits)
1483381234.485627 @0 alerts timer reset 0
1483381234.485640 screen_write_start: size 158x75, pane %0
1483381234.485652 input_parse: %0 ground, 3 bytes: \bex
1483381234.485663 input_c0_dispatch: '\b'
1483381234.485682 screen_write_stop: 1 of 2 written (dirty 1, skipped 1)
1483381234.485697 @0 active pane changed
1483381234.485708 @0 name timer queued (292252 left)
1483381234.485750 @0 active pane changed
1483381234.485762 @0 name timer already queued (292198 left)
1483381234.589947 keys are 1 (i)
1483381234.589991 next key is 1 (i) (expired=0)
1483381234.590010 complete key i 0x69
1483381234.590031 session 0 activity 1483381234.590024 (last 1483381234.485333)
1483381234.590049 session 0 not pasting
1483381234.590069 writing key 0x69 (i) to %0
1483381234.590098 @0 active pane changed
1483381234.590114 @0 name timer already queued (187848 left)
1483381234.590174 @0 active pane changed
1483381234.590191 @0 name timer already queued (187770 left)
1483381234.590362 %0 has 1 bytes (of 4096, 0 hits)
1483381234.590390 @0 alerts timer reset 0
1483381234.590410 screen_write_start: size 158x75, pane %0
1483381234.590426 input_parse: %0 ground, 1 bytes: i
1483381234.590454 screen_write_stop: 1 of 1 written (dirty 0, skipped 0)
1483381234.590473 @0 active pane changed
1483381234.590488 @0 name timer already queued (187473 left)
1483381234.590554 @0 active pane changed
1483381234.590571 @0 name timer already queued (187390 left)
1483381234.685377 keys are 1 (t)
1483381234.685412 next key is 1 (t) (expired=0)
1483381234.685425 complete key t 0x74
1483381234.685440 session 0 activity 1483381234.685435 (last 1483381234.590024)
1483381234.685454 session 0 not pasting
1483381234.685470 writing key 0x74 (t) to %0
1483381234.685491 @0 active pane changed
1483381234.685503 @0 name timer already queued (92457 left)
1483381234.685545 @0 active pane changed
1483381234.685558 @0 name timer already queued (92402 left)
1483381234.685707 %0 has 1 bytes (of 4096, 0 hits)
1483381234.685732 @0 alerts timer reset 0
1483381234.685747 screen_write_start: size 158x75, pane %0
1483381234.685759 input_parse: %0 ground, 1 bytes: t
1483381234.685780 screen_write_stop: 1 of 1 written (dirty 0, skipped 0)
1483381234.685797 @0 active pane changed
1483381234.685808 @0 name timer already queued (92152 left)
1483381234.685887 @0 active pane changed
1483381234.685900 @0 name timer already queued (92060 left)
1483381234.779072 @0 name timer expired
1483381234.779167 @0 active pane changed
1483381234.779415 format '#{pane_current_command}' -> 'zsh'
1483381234.779443 format '' -> ''
1483381234.779461 format '#{?pane_in_mode,[tmux],#{pane_current_command}}#{?pane_dead,[dead],}' -> 'zsh'
1483381234.779526 @0 name not changed (still zsh)
1483381234.812237 keys are 1 (\r)
1483381234.812272 next key is 1 (\r) (expired=0)
1483381234.812286 complete key \r 0xd
1483381234.812301 session 0 activity 1483381234.812296 (last 1483381234.685435)
1483381234.812315 session 0 not pasting
1483381234.812330 writing key 0xd (Enter) to %0
1483381234.812351 @0 active pane not changed
1483381234.812396 @0 active pane not changed
1483381234.812559 %0 has 11 bytes (of 4096, 0 hits)
1483381234.812574 @0 alerts timer reset 0
1483381234.812588 screen_write_start: size 158x75, pane %0
1483381234.812600 input_parse: %0 ground, 11 bytes: \033[?2004l\r\r\n
1483381234.812615 input_csi_dispatch: 'l' "?" "2004"
1483381234.812627 input_c0_dispatch: '\r'
1483381234.812637 input_c0_dispatch: '\r'
1483381234.812646 input_c0_dispatch: '\n'
1483381234.812659 screen_write_stop: 0 of 0 written (dirty 0, skipped 0)
1483381234.812676 @0 active pane changed
1483381234.812688 @0 name timer queued (466504 left)
1483381234.812727 @0 active pane changed
1483381234.812740 @0 name timer already queued (466451 left)
1483381234.819429 cmd_find_from_window: s=$0
1483381234.819463 cmd_find_from_window: wl=0 1 w=@0 zsh
1483381234.819472 cmd_find_from_window: wp=none
1483381234.819480 cmd_find_from_window: idx=0
1483381234.819492 session 0 has 2 references
1483381234.819504 session 0 destroyed
1483381234.819513 session 0 has 2 references
1483381234.819522 session 0 has 1 references
1483381234.819566 sending message 203 to peer 0x7fb195000800 (4 bytes)
1483381234.819612 session 0 freed (0 references)
1483381234.819811 peer 0x7fb195000800 message 205
1483381234.820041 sending message 204 to peer 0x7fb195000800 (0 bytes)
1483381234.820794 lost client 0x7fb195000000
1483381234.820851 remove peer 0x7fb195000800
1483381234.820912 unref client 0x7fb195000000 (1 references)
1483381234.820982 server loop exit
