1483381228.897395 client started (36715): socket /private/tmp/tmux-501/default, protocol 8
1483381228.897775 on Darwin 16.1.0 Darwin Kernel Version 16.1.0: Wed Oct 19 20:31:56 PDT 2016; root:xnu-3789.21.4~4/RELEASE_X86_64; libevent 2.0.22-stable (select)
1483381228.898202 socket is /private/tmp/tmux-501/default
1483381228.898226 trying connect
1483381228.898273 connect failed: No such file or directory
1483381228.898344 lock file is /private/tmp/tmux-501/default.lock
1483381228.898832 flock succeeded
1483381228.898844 got lock (6)
1483381228.898853 trying connect
1483381228.898869 connect failed: No such file or directory
1483381228.899552 add peer 0x7fb19301c800: 7 (0x0)
1483381228.904493 sending message 100 to peer 0x7fb19301c800 (4 bytes)
1483381228.904523 sending message 101 to peer 0x7fb19301c800 (15 bytes)
1483381228.904530 sending message 102 to peer 0x7fb19301c800 (13 bytes)
1483381228.904536 sending message 108 to peer 0x7fb19301c800 (33 bytes)
1483381228.904552 sending message 104 to peer 0x7fb19301c800 (0 bytes)
1483381228.904558 sending message 107 to peer 0x7fb19301c800 (4 bytes)
1483381228.904564 sending message 105 to peer 0x7fb19301c800 (57 bytes)
1483381228.904569 sending message 105 to peer 0x7fb19301c800 (24 bytes)
1483381228.904575 sending message 105 to peer 0x7fb19301c800 (76 bytes)
1483381228.904581 sending message 105 to peer 0x7fb19301c800 (25 bytes)
1483381228.904586 sending message 105 to peer 0x7fb19301c800 (17 bytes)
1483381228.904592 sending message 105 to peer 0x7fb19301c800 (28 bytes)
1483381228.904597 sending message 105 to peer 0x7fb19301c800 (19 bytes)
1483381228.904603 sending message 105 to peer 0x7fb19301c800 (14 bytes)
1483381228.904609 sending message 105 to peer 0x7fb19301c800 (53 bytes)
1483381228.904623 sending message 105 to peer 0x7fb19301c800 (66 bytes)
1483381228.904629 sending message 105 to peer 0x7fb19301c800 (20 bytes)
1483381228.904635 sending message 105 to peer 0x7fb19301c800 (38 bytes)
1483381228.904641 sending message 105 to peer 0x7fb19301c800 (15 bytes)
1483381228.904647 sending message 105 to peer 0x7fb19301c800 (22 bytes)
1483381228.904653 sending message 105 to peer 0x7fb19301c800 (18 bytes)
1483381228.904659 sending message 105 to peer 0x7fb19301c800 (15 bytes)
1483381228.904665 sending message 105 to peer 0x7fb19301c800 (136 bytes)
1483381228.904671 sending message 105 to peer 0x7fb19301c800 (8 bytes)
1483381228.904677 sending message 105 to peer 0x7fb19301c800 (37 bytes)
1483381228.904683 sending message 105 to peer 0x7fb19301c800 (24 bytes)
1483381228.904689 sending message 105 to peer 0x7fb19301c800 (27 bytes)
1483381228.904695 sending message 105 to peer 0x7fb19301c800 (22 bytes)
1483381228.904701 sending message 105 to peer 0x7fb19301c800 (17 bytes)
1483381228.904707 sending message 105 to peer 0x7fb19301c800 (15 bytes)
1483381228.904713 sending message 106 to peer 0x7fb19301c800 (0 bytes)
1483381228.904725 sending message 200 to peer 0x7fb19301c800 (4 bytes)
1483381228.904731 client loop enter
1483381228.919360 peer 0x7fb19301c800 message 207
1483381228.919393 sending message 208 to peer 0x7fb19301c800 (0 bytes)
1483381234.819687 peer 0x7fb19301c800 message 203
1483381234.819708 sending message 205 to peer 0x7fb19301c800 (0 bytes)
1483381234.820140 peer 0x7fb19301c800 message 204
1483381234.820160 client loop exit
